{"C:\\Users\\jefra\\DAM\\Segundo_año\\pedidos\\Frontend\\pedidos\\src\\component\\layout\\header\\headerHome.css": {"path":"C:\\Users\\jefra\\DAM\\Segundo_año\\pedidos\\Frontend\\pedidos\\src\\component\\layout\\header\\headerHome.css","statementMap":{},"fnMap":{},"branchMap":{},"s":{},"f":{},"b":{},"meta":{"lastBranch":0,"lastFunction":0,"lastStatement":0,"seen":{}}}
,"C:\\Users\\jefra\\DAM\\Segundo_año\\pedidos\\Frontend\\pedidos\\src\\component\\layout\\header\\headerHome.jsx": {"path":"C:\\Users\\jefra\\DAM\\Segundo_año\\pedidos\\Frontend\\pedidos\\src\\component\\layout\\header\\headerHome.jsx","statementMap":{"0":{"start":{"line":8,"column":23},"end":{"line":8,"column":null}},"1":{"start":{"line":9,"column":26},"end":{"line":9,"column":null}},"2":{"start":{"line":10,"column":34},"end":{"line":10,"column":null}},"3":{"start":{"line":12,"column":2},"end":{"line":15,"column":null}},"4":{"start":{"line":13,"column":4},"end":{"line":14,"column":null}},"5":{"start":{"line":13,"column":14},"end":{"line":13,"column":null}},"6":{"start":{"line":14,"column":9},"end":{"line":14,"column":null}},"7":{"start":{"line":17,"column":21},"end":{"line":17,"column":null}},"8":{"start":{"line":17,"column":27},"end":{"line":17,"column":null}},"9":{"start":{"line":18,"column":23},"end":{"line":18,"column":null}},"10":{"start":{"line":18,"column":29},"end":{"line":18,"column":null}},"11":{"start":{"line":20,"column":20},"end":{"line":20,"column":null}},"12":{"start":{"line":22,"column":2},"end":{"line":82,"column":null}}},"fnMap":{"0":{"name":"Header_home","decl":{"start":{"line":7,"column":9},"end":{"line":7,"column":21}},"loc":{"start":{"line":7,"column":31},"end":{"line":84,"column":null}},"line":7},"1":{"name":"(anonymous_1)","decl":{"start":{"line":12,"column":12},"end":{"line":12,"column":18}},"loc":{"start":{"line":12,"column":18},"end":{"line":15,"column":5}},"line":12},"2":{"name":"(anonymous_2)","decl":{"start":{"line":17,"column":21},"end":{"line":17,"column":27}},"loc":{"start":{"line":17,"column":27},"end":{"line":17,"column":null}},"line":17},"3":{"name":"(anonymous_3)","decl":{"start":{"line":18,"column":23},"end":{"line":18,"column":29}},"loc":{"start":{"line":18,"column":29},"end":{"line":18,"column":null}},"line":18}},"branchMap":{"0":{"loc":{"start":{"line":13,"column":4},"end":{"line":14,"column":null}},"type":"if","locations":[{"start":{"line":13,"column":4},"end":{"line":14,"column":null}},{"start":{"line":14,"column":9},"end":{"line":14,"column":null}}],"line":13},"1":{"loc":{"start":{"line":20,"column":29},"end":{"line":20,"column":54}},"type":"cond-expr","locations":[{"start":{"line":20,"column":36},"end":{"line":20,"column":46}},{"start":{"line":20,"column":46},"end":{"line":20,"column":54}}],"line":20},"2":{"loc":{"start":{"line":32,"column":39},"end":{"line":32,"column":65}},"type":"cond-expr","locations":[{"start":{"line":32,"column":52},"end":{"line":32,"column":63}},{"start":{"line":32,"column":63},"end":{"line":32,"column":65}}],"line":32},"3":{"loc":{"start":{"line":41,"column":39},"end":{"line":41,"column":65}},"type":"cond-expr","locations":[{"start":{"line":41,"column":52},"end":{"line":41,"column":63}},{"start":{"line":41,"column":63},"end":{"line":41,"column":65}}],"line":41},"4":{"loc":{"start":{"line":57,"column":11},"end":{"line":60,"column":null}},"type":"binary-expr","locations":[{"start":{"line":57,"column":11},"end":{"line":57,"column":19}},{"start":{"line":57,"column":19},"end":{"line":57,"column":null}},{"start":{"line":58,"column":12},"end":{"line":60,"column":null}}],"line":57},"5":{"loc":{"start":{"line":62,"column":11},"end":{"line":65,"column":null}},"type":"binary-expr","locations":[{"start":{"line":62,"column":11},"end":{"line":62,"column":null}},{"start":{"line":63,"column":12},"end":{"line":65,"column":null}}],"line":62},"6":{"loc":{"start":{"line":70,"column":9},"end":{"line":79,"column":null}},"type":"cond-expr","locations":[{"start":{"line":71,"column":10},"end":{"line":77,"column":null}},{"start":{"line":79,"column":10},"end":{"line":79,"column":null}}],"line":70}},"s":{"0":8,"1":8,"2":8,"3":8,"4":4,"5":3,"6":1,"7":8,"8":0,"9":8,"10":0,"11":8,"12":8},"f":{"0":8,"1":4,"2":0,"3":0},"b":{"0":[3,1],"1":[0,7],"2":[0,7],"3":[0,7],"4":[8,6,2],"5":[8,1],"6":[6,1]},"meta":{"lastBranch":7,"lastFunction":4,"lastStatement":13,"seen":{"f:7:9:7:21":0,"s:8:23:8:Infinity":0,"s:9:26:9:Infinity":1,"s:10:34:10:Infinity":2,"s:12:2:15:Infinity":3,"f:12:12:12:18":1,"b:13:4:14:Infinity:14:9:14:Infinity":0,"s:13:4:14:Infinity":4,"s:13:14:13:Infinity":5,"s:14:9:14:Infinity":6,"s:17:21:17:Infinity":7,"f:17:21:17:27":2,"s:17:27:17:Infinity":8,"s:18:23:18:Infinity":9,"f:18:23:18:29":3,"s:18:29:18:Infinity":10,"s:20:20:20:Infinity":11,"b:20:36:20:46:20:46:20:54":1,"s:22:2:82:Infinity":12,"b:32:52:32:63:32:63:32:65":2,"b:41:52:41:63:41:63:41:65":3,"b:57:11:57:19:57:19:57:Infinity:58:12:60:Infinity":4,"b:62:11:62:Infinity:63:12:65:Infinity":5,"b:71:10:77:Infinity:79:10:79:Infinity":6}}}
,"C:\\Users\\jefra\\DAM\\Segundo_año\\pedidos\\Frontend\\pedidos\\src\\component\\pedidos_component\\carrito.js": {"path":"C:\\Users\\jefra\\DAM\\Segundo_año\\pedidos\\Frontend\\pedidos\\src\\component\\pedidos_component\\carrito.js","statementMap":{"0":{"start":{"line":6,"column":33},"end":{"line":24,"column":1}},"1":{"start":{"line":8,"column":2},"end":{"line":11,"column":3}},"2":{"start":{"line":9,"column":4},"end":{"line":9,"column":77}},"3":{"start":{"line":10,"column":4},"end":{"line":10,"column":25}},"4":{"start":{"line":13,"column":17},"end":{"line":13,"column":77}},"5":{"start":{"line":13,"column":46},"end":{"line":13,"column":76}},"6":{"start":{"line":15,"column":2},"end":{"line":23,"column":3}},"7":{"start":{"line":17,"column":4},"end":{"line":19,"column":6}},"8":{"start":{"line":18,"column":6},"end":{"line":18,"column":86}},"9":{"start":{"line":22,"column":4},"end":{"line":22,"column":57}},"10":{"start":{"line":26,"column":39},"end":{"line":28,"column":1}},"11":{"start":{"line":27,"column":2},"end":{"line":27,"column":64}},"12":{"start":{"line":27,"column":38},"end":{"line":27,"column":62}},"13":{"start":{"line":30,"column":31},"end":{"line":39,"column":1}},"14":{"start":{"line":31,"column":2},"end":{"line":31,"column":85}},"15":{"start":{"line":32,"column":23},"end":{"line":36,"column":37}},"16":{"start":{"line":33,"column":6},"end":{"line":35,"column":16}},"17":{"start":{"line":36,"column":19},"end":{"line":36,"column":36}},"18":{"start":{"line":37,"column":2},"end":{"line":37,"column":57}},"19":{"start":{"line":38,"column":2},"end":{"line":38,"column":22}},"20":{"start":{"line":41,"column":34},"end":{"line":43,"column":1}},"21":{"start":{"line":42,"column":4},"end":{"line":42,"column":65}},"22":{"start":{"line":42,"column":41},"end":{"line":42,"column":60}}},"fnMap":{"0":{"name":"(anonymous_0)","decl":{"start":{"line":6,"column":33},"end":{"line":6,"column":34}},"loc":{"start":{"line":6,"column":59},"end":{"line":24,"column":1}},"line":6},"1":{"name":"(anonymous_1)","decl":{"start":{"line":13,"column":36},"end":{"line":13,"column":37}},"loc":{"start":{"line":13,"column":46},"end":{"line":13,"column":76}},"line":13},"2":{"name":"(anonymous_2)","decl":{"start":{"line":17,"column":29},"end":{"line":17,"column":30}},"loc":{"start":{"line":18,"column":6},"end":{"line":18,"column":86}},"line":18},"3":{"name":"(anonymous_3)","decl":{"start":{"line":26,"column":39},"end":{"line":26,"column":40}},"loc":{"start":{"line":26,"column":67},"end":{"line":28,"column":1}},"line":26},"4":{"name":"(anonymous_4)","decl":{"start":{"line":27,"column":30},"end":{"line":27,"column":34}},"loc":{"start":{"line":27,"column":38},"end":{"line":27,"column":62}},"line":27},"5":{"name":"(anonymous_5)","decl":{"start":{"line":30,"column":31},"end":{"line":30,"column":32}},"loc":{"start":{"line":30,"column":74},"end":{"line":39,"column":1}},"line":30},"6":{"name":"(anonymous_6)","decl":{"start":{"line":32,"column":41},"end":{"line":32,"column":45}},"loc":{"start":{"line":33,"column":6},"end":{"line":35,"column":16}},"line":33},"7":{"name":"(anonymous_7)","decl":{"start":{"line":36,"column":11},"end":{"line":36,"column":15}},"loc":{"start":{"line":36,"column":19},"end":{"line":36,"column":36}},"line":36},"8":{"name":"(anonymous_8)","decl":{"start":{"line":41,"column":34},"end":{"line":41,"column":35}},"loc":{"start":{"line":41,"column":47},"end":{"line":43,"column":1}},"line":41},"9":{"name":"(anonymous_9)","decl":{"start":{"line":42,"column":26},"end":{"line":42,"column":27}},"loc":{"start":{"line":42,"column":41},"end":{"line":42,"column":60}},"line":42}},"branchMap":{"0":{"loc":{"start":{"line":8,"column":2},"end":{"line":11,"column":3}},"type":"if","locations":[{"start":{"line":8,"column":2},"end":{"line":11,"column":3}},{"start":{},"end":{}}],"line":8},"1":{"loc":{"start":{"line":8,"column":6},"end":{"line":8,"column":52}},"type":"binary-expr","locations":[{"start":{"line":8,"column":6},"end":{"line":8,"column":12}},{"start":{"line":8,"column":16},"end":{"line":8,"column":52}}],"line":8},"2":{"loc":{"start":{"line":15,"column":2},"end":{"line":23,"column":3}},"type":"if","locations":[{"start":{"line":15,"column":2},"end":{"line":23,"column":3}},{"start":{"line":20,"column":9},"end":{"line":23,"column":3}}],"line":15},"3":{"loc":{"start":{"line":18,"column":6},"end":{"line":18,"column":86}},"type":"cond-expr","locations":[{"start":{"line":18,"column":39},"end":{"line":18,"column":79}},{"start":{"line":18,"column":82},"end":{"line":18,"column":86}}],"line":18},"4":{"loc":{"start":{"line":33,"column":6},"end":{"line":35,"column":16}},"type":"cond-expr","locations":[{"start":{"line":34,"column":12},"end":{"line":34,"column":48}},{"start":{"line":35,"column":12},"end":{"line":35,"column":16}}],"line":33}},"s":{"0":2,"1":3,"2":1,"3":1,"4":2,"5":1,"6":2,"7":1,"8":1,"9":1,"10":2,"11":1,"12":2,"13":2,"14":2,"15":2,"16":2,"17":2,"18":2,"19":2,"20":2,"21":1,"22":2},"f":{"0":3,"1":1,"2":1,"3":1,"4":2,"5":2,"6":2,"7":2,"8":1,"9":2},"b":{"0":[1,2],"1":[3,3],"2":[1,1],"3":[1,0],"4":[2,0]},"meta":{"lastBranch":5,"lastFunction":10,"lastStatement":23,"seen":{"s:6:33:24:1":0,"f:6:33:6:34":0,"b:8:2:11:3:undefined:undefined:undefined:undefined":0,"s:8:2:11:3":1,"b:8:6:8:12:8:16:8:52":1,"s:9:4:9:77":2,"s:10:4:10:25":3,"s:13:17:13:77":4,"f:13:36:13:37":1,"s:13:46:13:76":5,"b:15:2:23:3:20:9:23:3":2,"s:15:2:23:3":6,"s:17:4:19:6":7,"f:17:29:17:30":2,"s:18:6:18:86":8,"b:18:39:18:79:18:82:18:86":3,"s:22:4:22:57":9,"s:26:39:28:1":10,"f:26:39:26:40":3,"s:27:2:27:64":11,"f:27:30:27:34":4,"s:27:38:27:62":12,"s:30:31:39:1":13,"f:30:31:30:32":5,"s:31:2:31:85":14,"s:32:23:36:37":15,"f:32:41:32:45":6,"s:33:6:35:16":16,"b:34:12:34:48:35:12:35:16":4,"f:36:11:36:15":7,"s:36:19:36:36":17,"s:37:2:37:57":18,"s:38:2:38:22":19,"s:41:34:43:1":20,"f:41:34:41:35":8,"s:42:4:42:65":21,"f:42:26:42:27":9,"s:42:41:42:60":22}}}
,"C:\\Users\\jefra\\DAM\\Segundo_año\\pedidos\\Frontend\\pedidos\\src\\hook\\auth\\authcontext.jsx": {"path":"C:\\Users\\jefra\\DAM\\Segundo_año\\pedidos\\Frontend\\pedidos\\src\\hook\\auth\\authcontext.jsx","statementMap":{"0":{"start":{"line":5,"column":13},"end":{"line":5,"column":null}},"1":{"start":{"line":8,"column":8},"end":{"line":8,"column":null}},"2":{"start":{"line":9,"column":2},"end":{"line":9,"column":null}},"3":{"start":{"line":9,"column":12},"end":{"line":9,"column":null}},"4":{"start":{"line":10,"column":2},"end":{"line":10,"column":null}},"5":{"start":{"line":13,"column":19},"end":{"line":13,"column":null}},"6":{"start":{"line":17,"column":22},"end":{"line":23,"column":null}},"7":{"start":{"line":18,"column":16},"end":{"line":18,"column":null}},"8":{"start":{"line":19,"column":4},"end":{"line":21,"column":null}},"9":{"start":{"line":20,"column":6},"end":{"line":20,"column":null}},"10":{"start":{"line":20,"column":12},"end":{"line":20,"column":36}},"11":{"start":{"line":20,"column":46},"end":{"line":20,"column":59}},"12":{"start":{"line":22,"column":4},"end":{"line":22,"column":null}},"13":{"start":{"line":25,"column":2},"end":{"line":28,"column":null}},"14":{"start":{"line":26,"column":4},"end":{"line":27,"column":null}},"15":{"start":{"line":26,"column":14},"end":{"line":26,"column":null}},"16":{"start":{"line":27,"column":9},"end":{"line":27,"column":null}},"17":{"start":{"line":30,"column":2},"end":{"line":33,"column":null}},"18":{"start":{"line":31,"column":4},"end":{"line":32,"column":null}},"19":{"start":{"line":31,"column":14},"end":{"line":31,"column":null}},"20":{"start":{"line":32,"column":9},"end":{"line":32,"column":null}},"21":{"start":{"line":35,"column":16},"end":{"line":52,"column":null}},"22":{"start":{"line":36,"column":4},"end":{"line":51,"column":null}},"23":{"start":{"line":37,"column":23},"end":{"line":41,"column":null}},"24":{"start":{"line":43,"column":6},"end":{"line":43,"column":null}},"25":{"start":{"line":43,"column":24},"end":{"line":43,"column":null}},"26":{"start":{"line":45,"column":19},"end":{"line":45,"column":null}},"27":{"start":{"line":46,"column":25},"end":{"line":46,"column":null}},"28":{"start":{"line":47,"column":6},"end":{"line":47,"column":null}},"29":{"start":{"line":48,"column":6},"end":{"line":48,"column":null}},"30":{"start":{"line":50,"column":6},"end":{"line":50,"column":null}},"31":{"start":{"line":54,"column":19},"end":{"line":70,"column":null}},"32":{"start":{"line":55,"column":4},"end":{"line":69,"column":null}},"33":{"start":{"line":56,"column":23},"end":{"line":60,"column":null}},"34":{"start":{"line":62,"column":6},"end":{"line":65,"column":null}},"35":{"start":{"line":63,"column":26},"end":{"line":63,"column":null}},"36":{"start":{"line":63,"column":61},"end":{"line":63,"column":64}},"37":{"start":{"line":64,"column":8},"end":{"line":64,"column":null}},"38":{"start":{"line":66,"column":6},"end":{"line":66,"column":null}},"39":{"start":{"line":68,"column":6},"end":{"line":68,"column":null}},"40":{"start":{"line":72,"column":17},"end":{"line":74,"column":null}},"41":{"start":{"line":73,"column":4},"end":{"line":73,"column":null}},"42":{"start":{"line":76,"column":2},"end":{"line":79,"column":null}}},"fnMap":{"0":{"name":"useAuth","decl":{"start":{"line":7,"column":16},"end":{"line":7,"column":26}},"loc":{"start":{"line":7,"column":26},"end":{"line":11,"column":null}},"line":7},"1":{"name":"AuthProvider","decl":{"start":{"line":15,"column":16},"end":{"line":15,"column":29}},"loc":{"start":{"line":15,"column":43},"end":{"line":81,"column":null}},"line":15},"2":{"name":"(anonymous_2)","decl":{"start":{"line":17,"column":35},"end":{"line":17,"column":41}},"loc":{"start":{"line":17,"column":41},"end":{"line":23,"column":3}},"line":17},"3":{"name":"(anonymous_3)","decl":{"start":{"line":25,"column":12},"end":{"line":25,"column":18}},"loc":{"start":{"line":25,"column":18},"end":{"line":28,"column":5}},"line":25},"4":{"name":"(anonymous_4)","decl":{"start":{"line":30,"column":12},"end":{"line":30,"column":18}},"loc":{"start":{"line":30,"column":18},"end":{"line":33,"column":5}},"line":30},"5":{"name":"(anonymous_5)","decl":{"start":{"line":35,"column":16},"end":{"line":35,"column":23}},"loc":{"start":{"line":35,"column":46},"end":{"line":52,"column":null}},"line":35},"6":{"name":"(anonymous_6)","decl":{"start":{"line":54,"column":19},"end":{"line":54,"column":26}},"loc":{"start":{"line":54,"column":55},"end":{"line":70,"column":null}},"line":54},"7":{"name":"(anonymous_7)","decl":{"start":{"line":63,"column":54},"end":{"line":63,"column":61}},"loc":{"start":{"line":63,"column":61},"end":{"line":63,"column":64}},"line":63},"8":{"name":"(anonymous_8)","decl":{"start":{"line":72,"column":17},"end":{"line":72,"column":23}},"loc":{"start":{"line":72,"column":23},"end":{"line":74,"column":null}},"line":72}},"branchMap":{"0":{"loc":{"start":{"line":9,"column":2},"end":{"line":9,"column":null}},"type":"if","locations":[{"start":{"line":9,"column":2},"end":{"line":9,"column":null}},{"start":{},"end":{}}],"line":9},"1":{"loc":{"start":{"line":19,"column":4},"end":{"line":21,"column":null}},"type":"if","locations":[{"start":{"line":19,"column":4},"end":{"line":21,"column":null}},{"start":{},"end":{}}],"line":19},"2":{"loc":{"start":{"line":26,"column":4},"end":{"line":27,"column":null}},"type":"if","locations":[{"start":{"line":26,"column":4},"end":{"line":27,"column":null}},{"start":{"line":27,"column":9},"end":{"line":27,"column":null}}],"line":26},"3":{"loc":{"start":{"line":31,"column":4},"end":{"line":32,"column":null}},"type":"if","locations":[{"start":{"line":31,"column":4},"end":{"line":32,"column":null}},{"start":{"line":32,"column":9},"end":{"line":32,"column":null}}],"line":31},"4":{"loc":{"start":{"line":43,"column":6},"end":{"line":43,"column":null}},"type":"if","locations":[{"start":{"line":43,"column":6},"end":{"line":43,"column":null}},{"start":{},"end":{}}],"line":43},"5":{"loc":{"start":{"line":62,"column":6},"end":{"line":65,"column":null}},"type":"if","locations":[{"start":{"line":62,"column":6},"end":{"line":65,"column":null}},{"start":{},"end":{}}],"line":62},"6":{"loc":{"start":{"line":64,"column":24},"end":{"line":64,"column":63}},"type":"binary-expr","locations":[{"start":{"line":64,"column":24},"end":{"line":64,"column":43}},{"start":{"line":64,"column":43},"end":{"line":64,"column":63}}],"line":64}},"s":{"0":1,"1":7,"2":7,"3":0,"4":7,"5":1,"6":0,"7":0,"8":0,"9":0,"10":0,"11":0,"12":0,"13":0,"14":0,"15":0,"16":0,"17":0,"18":0,"19":0,"20":0,"21":0,"22":0,"23":0,"24":0,"25":0,"26":0,"27":0,"28":0,"29":0,"30":0,"31":0,"32":0,"33":0,"34":0,"35":0,"36":0,"37":0,"38":0,"39":0,"40":0,"41":0,"42":0},"f":{"0":7,"1":0,"2":0,"3":0,"4":0,"5":0,"6":0,"7":0,"8":0},"b":{"0":[0,7],"1":[0,0],"2":[0,0],"3":[0,0],"4":[0,0],"5":[0,0],"6":[0,0]},"meta":{"lastBranch":7,"lastFunction":9,"lastStatement":43,"seen":{"s:5:13:5:Infinity":0,"f:7:16:7:26":0,"s:8:8:8:Infinity":1,"b:9:2:9:Infinity:undefined:undefined:undefined:undefined":0,"s:9:2:9:Infinity":2,"s:9:12:9:Infinity":3,"s:10:2:10:Infinity":4,"s:13:19:13:Infinity":5,"f:15:16:15:29":1,"s:17:22:23:Infinity":6,"f:17:35:17:41":2,"s:18:16:18:Infinity":7,"b:19:4:21:Infinity:undefined:undefined:undefined:undefined":1,"s:19:4:21:Infinity":8,"s:20:6:20:Infinity":9,"s:20:12:20:36":10,"s:20:46:20:59":11,"s:22:4:22:Infinity":12,"s:25:2:28:Infinity":13,"f:25:12:25:18":3,"b:26:4:27:Infinity:27:9:27:Infinity":2,"s:26:4:27:Infinity":14,"s:26:14:26:Infinity":15,"s:27:9:27:Infinity":16,"s:30:2:33:Infinity":17,"f:30:12:30:18":4,"b:31:4:32:Infinity:32:9:32:Infinity":3,"s:31:4:32:Infinity":18,"s:31:14:31:Infinity":19,"s:32:9:32:Infinity":20,"s:35:16:52:Infinity":21,"f:35:16:35:23":5,"s:36:4:51:Infinity":22,"s:37:23:41:Infinity":23,"b:43:6:43:Infinity:undefined:undefined:undefined:undefined":4,"s:43:6:43:Infinity":24,"s:43:24:43:Infinity":25,"s:45:19:45:Infinity":26,"s:46:25:46:Infinity":27,"s:47:6:47:Infinity":28,"s:48:6:48:Infinity":29,"s:50:6:50:Infinity":30,"s:54:19:70:Infinity":31,"f:54:19:54:26":6,"s:55:4:69:Infinity":32,"s:56:23:60:Infinity":33,"b:62:6:65:Infinity:undefined:undefined:undefined:undefined":5,"s:62:6:65:Infinity":34,"s:63:26:63:Infinity":35,"f:63:54:63:61":7,"s:63:61:63:64":36,"s:64:8:64:Infinity":37,"b:64:24:64:43:64:43:64:63":6,"s:66:6:66:Infinity":38,"s:68:6:68:Infinity":39,"s:72:17:74:Infinity":40,"f:72:17:72:23":8,"s:73:4:73:Infinity":41,"s:76:2:79:Infinity":42}}}
,"C:\\Users\\jefra\\DAM\\Segundo_año\\pedidos\\Frontend\\pedidos\\src\\service\\api.js": {"path":"C:\\Users\\jefra\\DAM\\Segundo_año\\pedidos\\Frontend\\pedidos\\src\\service\\api.js","statementMap":{"0":{"start":{"line":7,"column":23},"end":{"line":25,"column":1}},"1":{"start":{"line":9,"column":20},"end":{"line":9,"column":44}},"2":{"start":{"line":11,"column":2},"end":{"line":21,"column":3}},"3":{"start":{"line":12,"column":4},"end":{"line":20,"column":5}},"4":{"start":{"line":13,"column":23},"end":{"line":13,"column":44}},"5":{"start":{"line":15,"column":6},"end":{"line":17,"column":7}},"6":{"start":{"line":16,"column":8},"end":{"line":16,"column":63}},"7":{"start":{"line":19,"column":6},"end":{"line":19,"column":68}},"8":{"start":{"line":24,"column":2},"end":{"line":24,"column":12}},"9":{"start":{"line":31,"column":32},"end":{"line":37,"column":1}},"10":{"start":{"line":32,"column":19},"end":{"line":34,"column":4}},"11":{"start":{"line":35,"column":2},"end":{"line":35,"column":73}},"12":{"start":{"line":35,"column":20},"end":{"line":35,"column":73}},"13":{"start":{"line":36,"column":2},"end":{"line":36,"column":25}},"14":{"start":{"line":39,"column":35},"end":{"line":45,"column":1}},"15":{"start":{"line":40,"column":19},"end":{"line":42,"column":4}},"16":{"start":{"line":43,"column":2},"end":{"line":43,"column":66}},"17":{"start":{"line":43,"column":20},"end":{"line":43,"column":66}},"18":{"start":{"line":44,"column":2},"end":{"line":44,"column":25}},"19":{"start":{"line":47,"column":31},"end":{"line":57,"column":1}},"20":{"start":{"line":48,"column":19},"end":{"line":51,"column":4}},"21":{"start":{"line":52,"column":2},"end":{"line":55,"column":3}},"22":{"start":{"line":53,"column":22},"end":{"line":53,"column":43}},"23":{"start":{"line":54,"column":4},"end":{"line":54,"column":65}},"24":{"start":{"line":56,"column":2},"end":{"line":56,"column":25}},"25":{"start":{"line":63,"column":29},"end":{"line":76,"column":1}},"26":{"start":{"line":64,"column":19},"end":{"line":68,"column":4}},"27":{"start":{"line":69,"column":2},"end":{"line":74,"column":3}},"28":{"start":{"line":70,"column":22},"end":{"line":70,"column":43}},"29":{"start":{"line":71,"column":4},"end":{"line":73,"column":6}},"30":{"start":{"line":75,"column":2},"end":{"line":75,"column":25}},"31":{"start":{"line":78,"column":34},"end":{"line":91,"column":1}},"32":{"start":{"line":79,"column":19},"end":{"line":83,"column":4}},"33":{"start":{"line":84,"column":2},"end":{"line":89,"column":3}},"34":{"start":{"line":85,"column":22},"end":{"line":85,"column":43}},"35":{"start":{"line":86,"column":4},"end":{"line":88,"column":6}},"36":{"start":{"line":90,"column":2},"end":{"line":90,"column":25}},"37":{"start":{"line":98,"column":35},"end":{"line":109,"column":1}},"38":{"start":{"line":99,"column":19},"end":{"line":103,"column":4}},"39":{"start":{"line":104,"column":2},"end":{"line":107,"column":3}},"40":{"start":{"line":105,"column":22},"end":{"line":105,"column":43}},"41":{"start":{"line":106,"column":4},"end":{"line":106,"column":63}},"42":{"start":{"line":108,"column":2},"end":{"line":108,"column":25}},"43":{"start":{"line":111,"column":40},"end":{"line":119,"column":1}},"44":{"start":{"line":112,"column":19},"end":{"line":116,"column":4}},"45":{"start":{"line":117,"column":2},"end":{"line":117,"column":71}},"46":{"start":{"line":117,"column":20},"end":{"line":117,"column":71}},"47":{"start":{"line":118,"column":2},"end":{"line":118,"column":25}}},"fnMap":{"0":{"name":"(anonymous_0)","decl":{"start":{"line":7,"column":23},"end":{"line":7,"column":24}},"loc":{"start":{"line":7,"column":29},"end":{"line":25,"column":1}},"line":7},"1":{"name":"(anonymous_1)","decl":{"start":{"line":31,"column":32},"end":{"line":31,"column":37}},"loc":{"start":{"line":31,"column":48},"end":{"line":37,"column":1}},"line":31},"2":{"name":"(anonymous_2)","decl":{"start":{"line":39,"column":35},"end":{"line":39,"column":40}},"loc":{"start":{"line":39,"column":55},"end":{"line":45,"column":1}},"line":39},"3":{"name":"(anonymous_3)","decl":{"start":{"line":47,"column":31},"end":{"line":47,"column":36}},"loc":{"start":{"line":47,"column":51},"end":{"line":57,"column":1}},"line":47},"4":{"name":"(anonymous_4)","decl":{"start":{"line":63,"column":29},"end":{"line":63,"column":34}},"loc":{"start":{"line":63,"column":49},"end":{"line":76,"column":1}},"line":63},"5":{"name":"(anonymous_5)","decl":{"start":{"line":78,"column":34},"end":{"line":78,"column":39}},"loc":{"start":{"line":78,"column":58},"end":{"line":91,"column":1}},"line":78},"6":{"name":"(anonymous_6)","decl":{"start":{"line":98,"column":35},"end":{"line":98,"column":40}},"loc":{"start":{"line":98,"column":55},"end":{"line":109,"column":1}},"line":98},"7":{"name":"(anonymous_7)","decl":{"start":{"line":111,"column":40},"end":{"line":111,"column":45}},"loc":{"start":{"line":111,"column":64},"end":{"line":119,"column":1}},"line":111}},"branchMap":{"0":{"loc":{"start":{"line":11,"column":2},"end":{"line":21,"column":3}},"type":"if","locations":[{"start":{"line":11,"column":2},"end":{"line":21,"column":3}},{"start":{},"end":{}}],"line":11},"1":{"loc":{"start":{"line":15,"column":6},"end":{"line":17,"column":7}},"type":"if","locations":[{"start":{"line":15,"column":6},"end":{"line":17,"column":7}},{"start":{},"end":{}}],"line":15},"2":{"loc":{"start":{"line":15,"column":10},"end":{"line":15,"column":36}},"type":"binary-expr","locations":[{"start":{"line":15,"column":10},"end":{"line":15,"column":18}},{"start":{"line":15,"column":22},"end":{"line":15,"column":36}}],"line":15},"3":{"loc":{"start":{"line":35,"column":2},"end":{"line":35,"column":73}},"type":"if","locations":[{"start":{"line":35,"column":2},"end":{"line":35,"column":73}},{"start":{},"end":{}}],"line":35},"4":{"loc":{"start":{"line":43,"column":2},"end":{"line":43,"column":66}},"type":"if","locations":[{"start":{"line":43,"column":2},"end":{"line":43,"column":66}},{"start":{},"end":{}}],"line":43},"5":{"loc":{"start":{"line":52,"column":2},"end":{"line":55,"column":3}},"type":"if","locations":[{"start":{"line":52,"column":2},"end":{"line":55,"column":3}},{"start":{},"end":{}}],"line":52},"6":{"loc":{"start":{"line":54,"column":20},"end":{"line":54,"column":63}},"type":"binary-expr","locations":[{"start":{"line":54,"column":20},"end":{"line":54,"column":29}},{"start":{"line":54,"column":33},"end":{"line":54,"column":63}}],"line":54},"7":{"loc":{"start":{"line":69,"column":2},"end":{"line":74,"column":3}},"type":"if","locations":[{"start":{"line":69,"column":2},"end":{"line":74,"column":3}},{"start":{},"end":{}}],"line":69},"8":{"loc":{"start":{"line":72,"column":35},"end":{"line":72,"column":76}},"type":"binary-expr","locations":[{"start":{"line":72,"column":35},"end":{"line":72,"column":44}},{"start":{"line":72,"column":48},"end":{"line":72,"column":76}}],"line":72},"9":{"loc":{"start":{"line":84,"column":2},"end":{"line":89,"column":3}},"type":"if","locations":[{"start":{"line":84,"column":2},"end":{"line":89,"column":3}},{"start":{},"end":{}}],"line":84},"10":{"loc":{"start":{"line":87,"column":35},"end":{"line":87,"column":81}},"type":"binary-expr","locations":[{"start":{"line":87,"column":35},"end":{"line":87,"column":44}},{"start":{"line":87,"column":48},"end":{"line":87,"column":81}}],"line":87},"11":{"loc":{"start":{"line":104,"column":2},"end":{"line":107,"column":3}},"type":"if","locations":[{"start":{"line":104,"column":2},"end":{"line":107,"column":3}},{"start":{},"end":{}}],"line":104},"12":{"loc":{"start":{"line":106,"column":20},"end":{"line":106,"column":61}},"type":"binary-expr","locations":[{"start":{"line":106,"column":20},"end":{"line":106,"column":29}},{"start":{"line":106,"column":33},"end":{"line":106,"column":61}}],"line":106},"13":{"loc":{"start":{"line":117,"column":2},"end":{"line":117,"column":71}},"type":"if","locations":[{"start":{"line":117,"column":2},"end":{"line":117,"column":71}},{"start":{},"end":{}}],"line":117}},"s":{"0":1,"1":3,"2":3,"3":0,"4":0,"5":0,"6":0,"7":0,"8":3,"9":1,"10":3,"11":2,"12":2,"13":1,"14":1,"15":0,"16":0,"17":0,"18":0,"19":1,"20":0,"21":0,"22":0,"23":0,"24":0,"25":1,"26":0,"27":0,"28":0,"29":0,"30":0,"31":1,"32":0,"33":0,"34":0,"35":0,"36":0,"37":1,"38":0,"39":0,"40":0,"41":0,"42":0,"43":1,"44":0,"45":0,"46":0,"47":0},"f":{"0":3,"1":3,"2":0,"3":0,"4":0,"5":0,"6":0,"7":0},"b":{"0":[0,3],"1":[0,0],"2":[0,0],"3":[1,1],"4":[0,0],"5":[0,0],"6":[0,0],"7":[0,0],"8":[0,0],"9":[0,0],"10":[0,0],"11":[0,0],"12":[0,0],"13":[0,0]},"meta":{"lastBranch":14,"lastFunction":8,"lastStatement":48,"seen":{"s:7:23:25:1":0,"f:7:23:7:24":0,"s:9:20:9:44":1,"b:11:2:21:3:undefined:undefined:undefined:undefined":0,"s:11:2:21:3":2,"s:12:4:20:5":3,"s:13:23:13:44":4,"b:15:6:17:7:undefined:undefined:undefined:undefined":1,"s:15:6:17:7":5,"b:15:10:15:18:15:22:15:36":2,"s:16:8:16:63":6,"s:19:6:19:68":7,"s:24:2:24:12":8,"s:31:32:37:1":9,"f:31:32:31:37":1,"s:32:19:34:4":10,"b:35:2:35:73:undefined:undefined:undefined:undefined":3,"s:35:2:35:73":11,"s:35:20:35:73":12,"s:36:2:36:25":13,"s:39:35:45:1":14,"f:39:35:39:40":2,"s:40:19:42:4":15,"b:43:2:43:66:undefined:undefined:undefined:undefined":4,"s:43:2:43:66":16,"s:43:20:43:66":17,"s:44:2:44:25":18,"s:47:31:57:1":19,"f:47:31:47:36":3,"s:48:19:51:4":20,"b:52:2:55:3:undefined:undefined:undefined:undefined":5,"s:52:2:55:3":21,"s:53:22:53:43":22,"s:54:4:54:65":23,"b:54:20:54:29:54:33:54:63":6,"s:56:2:56:25":24,"s:63:29:76:1":25,"f:63:29:63:34":4,"s:64:19:68:4":26,"b:69:2:74:3:undefined:undefined:undefined:undefined":7,"s:69:2:74:3":27,"s:70:22:70:43":28,"s:71:4:73:6":29,"b:72:35:72:44:72:48:72:76":8,"s:75:2:75:25":30,"s:78:34:91:1":31,"f:78:34:78:39":5,"s:79:19:83:4":32,"b:84:2:89:3:undefined:undefined:undefined:undefined":9,"s:84:2:89:3":33,"s:85:22:85:43":34,"s:86:4:88:6":35,"b:87:35:87:44:87:48:87:81":10,"s:90:2:90:25":36,"s:98:35:109:1":37,"f:98:35:98:40":6,"s:99:19:103:4":38,"b:104:2:107:3:undefined:undefined:undefined:undefined":11,"s:104:2:107:3":39,"s:105:22:105:43":40,"s:106:4:106:63":41,"b:106:20:106:29:106:33:106:61":12,"s:108:2:108:25":42,"s:111:40:119:1":43,"f:111:40:111:45":7,"s:112:19:116:4":44,"b:117:2:117:71:undefined:undefined:undefined:undefined":13,"s:117:2:117:71":45,"s:117:20:117:71":46,"s:118:2:118:25":47}}}
,"C:\\Users\\jefra\\DAM\\Segundo_año\\pedidos\\Frontend\\pedidos\\src\\utils\\assets.js": {"path":"C:\\Users\\jefra\\DAM\\Segundo_año\\pedidos\\Frontend\\pedidos\\src\\utils\\assets.js","statementMap":{"0":{"start":{"line":1,"column":22},"end":{"line":1,"column":45}},"1":{"start":{"line":3,"column":24},"end":{"line":106,"column":1}}},"fnMap":{},"branchMap":{},"s":{"0":2,"1":2},"f":{},"b":{},"meta":{"lastBranch":0,"lastFunction":0,"lastStatement":2,"seen":{"s:1:22:1:45":0,"s:3:24:106:1":1}}}
}
